0.4996657605334545 0.8662182910505437
0.4982405872265436 0.8670388210686699
0.4956834174510417 0.8685032813202586
0.4920053479634980 0.8705921763807192
0.4872230908615224 0.8732775387763873
0.4813584497016885 0.8765238404634451
0.4744381778834855 0.8802888249697358
0.4664938487167145 0.8845244423471106
0.4575617092665165 0.8891778687153115
0.4476825142688186 0.8941925779260019
0.4369013399039165 0.8995094325187271
0.4252673780051014 0.9050677638744329
0.4128337115504994 0.9108064155502194
0.3996570724281788 0.9166647284902684
0.3857975825654507 0.9225834516652975
0.3713184795970412 0.9285055663321258
0.3562858283207071 0.9343770162722474
0.3407682192552489 0.9401473399130620
0.3248364556754675 0.9457702030959741
0.3085632305515674 0.9512038334403306
0.2920227948667759 0.9564113588190998
0.2752906188263961 0.9613610534997660
0.2584430475040130 0.9660264961153180
0.2415569524959870 0.9703866439213039
0.2247093811736039 0.9744258278661214
0.2079772051332241 0.9781336729430047
0.1914367694484326 0.9815049481806741
0.1751635443245325 0.9845393505287981
0.1592317807447511 0.9872412268543365
0.1437141716792929 0.9896192383227676
0.1286815204029588 0.9916859716194350
0.1142024174345493 0.9934575017846032
0.1003429275718212 0.9949529118939832
0.08716628844950057 0.9961937754061398
0.07473262199489858 0.9972036076999359
0.06309866009608349 0.9980072941086548
0.05231748573118144 0.9986305025817946
0.04243829073348349 0.9990990899203243
0.03350615128328548 0.9994385112782985
0.02556182211651451 0.9996732432400517
0.01864155029831151 0.9998262312034404
0.01277690913847755 0.9999183719648655
0.007994652036502014 0.9999680422587590
0.004316582548958284 0.9999906835141506
0.001759412773456409 0.9999984522321485
0.0003342394665455047 0.9999999441419879
0e+0 0e+0
0e+1 nan + nan*I
0e+0 + 0e+0*I 0e+1 + 0e+0*I
0e+1 + 0e+0*I nan + nan*I
0.7498328802667272 0.6616272754889296
0.7491202936132718 0.6624339859161556
0.7478417087255209 0.6638770810101018
0.7460026739817490 0.6659429483162055
0.7436115454307612 0.6686118975175920
0.7406792248508442 0.6718588288281643
0.7372190889417427 0.6756537685086251
0.7332469243583573 0.6799624606689766
0.7287808546332583 0.6847470086973858
0.7238412571344093 0.6899665459064504
0.7184506699519583 0.6955779142882430
0.7126336890025507 0.7015363321301441
0.7064168557752497 0.7077960340921741
0.6998285362140894 0.7143108706301795
0.6928987912827253 0.7210348570207534
0.6856592397985206 0.7279226654521171
0.6781429141603535 0.7349300565183760
0.6703841096276245 0.7420142488920123
0.6624182278377338 0.7491342279113378
0.6542816152757837 0.7562509953131376
0.6460113974333879 0.7633277634058395
0.6376453094131980 0.7703300976745923
0.6292215237520065 0.7772260122044315
0.6207784762479935 0.7839860224692908
0.6123546905868020 0.7905831600257762
0.6039886025666121 0.7969929535257079
0.5957183847242163 0.8031933802650335
0.5875817721622662 0.8091647922535005
0.5796158903723755 0.8148898205449853
0.5718570858396465 0.8203532613301341
0.5643407602014794 0.8255419470718713
0.5571012087172747 0.8304446057659424
0.5501714637859106 0.8350517112345010
0.5435831442247503 0.8393553272093615
0.5373663109974493 0.8433489478294217
0.5315493300480417 0.8470273370591282
0.5261587428655907 0.8503863694263339
0.5212191453667417 0.8534228743730527
0.5167530756416427 0.8561344864067226
0.5127809110582573 0.8585195031298146
0.5093207751491558 0.8605767531147138
0.5063884545692388 0.8623054755009839
0.5039973260182510 0.8637052132333420
0.5021582912744791 0.8647757226612547
0.5008797063867282 0.8655169089797986
0.5001671197332728 0.8659288956592926
0.8 0e+0
0e+1 nan + nan*I
0e+0 + 0e+0*I 0e+0 + 0e+0*I
0e+1 + 0e+0*I nan + nan*I
0.8749164401333636 0.4842739129711225
0.8745601468066359 0.4849170543686368
0.8739208543627604 0.4860682465558338
0.8730013369908745 0.4877178135070992
0.8718057727153806 0.4898517068053740
0.8703396124254221 0.4924519865359120
0.8686095444708714 0.4954971839012865
0.8666234621791786 0.4989626988068084
0.8643904273166291 0.5028212298256462
0.8619206285672046 0.5070432230592525
0.8592253349759791 0.5115973257703919
0.8563168445012754 0.5164508319514827
0.8532084278876249 0.5215701089801137
0.8499142681070447 0.5269209967993936
0.8464493956413627 0.5324691733972699
0.8428296198992603 0.5381804825711059
0.8390714570801768 0.5440212219328848
0.8351920548138122 0.5499583907677762
0.8312091139188669 0.5559598986781440
0.8271408076378919 0.5619947369327723
0.8230056987166940 0.5680331151260870
0.8188226547065990 0.5740465661766802
0.8146107618760033 0.5800080229064056
0.8103892381239967 0.5858918694885671
0.8061773452934010 0.5916739709803741
0.8019943012833060 0.5973316839990172
0.7978591923621081 0.6028438513937789
0.7937908860811331 0.6081907835330371
0.7898079451861878 0.6133542285831017
0.7859285429198232 0.6183173339183720
0.7821703801007397 0.6230646005777125
0.7785506043586373 0.6275818324750969
0.7750857318929553 0.6318560818857106
0.7717915721123751 0.6358755925621838
0.7686831554987246 0.6396297416885205
0.7657746650240209 0.6431089817498653
0.7630793714327954 0.6463047832824154
0.7606095726833709 0.6492095793674181
0.7583765378208214 0.6518167126446700
0.7563904555291286 0.6541203855441575
0.7546603875745779 0.6561156143743173
0.7531942272846194 0.6577981878852549
0.7519986630091255 0.6591646310539482
0.7510791456372396 0.6602121757350695
0.7504398531933641 0.6609387465863400
0.7500835598666364 0.6613430677173490
0.9 0.4
1e+0 nan + nan*I
0.9 + 0e-1*I 0e+0 + 0e+0*I
0e+1 + 0e+0*I nan + nan*I
0.9374582200666818 0.3480978104346662
0.9372800734033179 0.3485771994853807
0.9369604271813802 0.3494354845977802
0.9365006684954372 0.3506657923259683
0.9359028863576903 0.3522581259635386
0.9351698062127111 0.3541997085657757
0.9343047722354357 0.3564752341721521
0.9333117310895893 0.3590671422040091
0.9321952136583146 0.3619559139350112
0.9309603142836023 0.3651203818317685
0.9296126674879896 0.3685380420606054
0.9281584222506377 0.3721853613526558
0.9266042139438124 0.3760380708140726
0.9249571340535223 0.3800714408680219
0.9232246978206813 0.3842605331463428
0.9214148099496301 0.3885804266885904
0.9195357285400884 0.3930064171718432
0.9175960274069061 0.3975141890386611
0.9156045569594334 0.4020799612951628
0.9135704038189459 0.4066806084215082
0.9115028493583470 0.4112937582940137
0.9094113273532995 0.4158978692918610
0.9073053809380016 0.4204722888859000
0.9051946190619984 0.4249972960163437
0.9030886726467005 0.4294541294914052
0.9009971506416530 0.4338250045071427
0.8989295961810541 0.4380931192221205
0.8968954430405666 0.4422426531363363
0.8949039725930939 0.4462587588351618
0.8929642714599116 0.4501275484749509
0.8910851900503699 0.4538360762135336
0.8892753021793187 0.4573723176296107
0.8875428659464777 0.4607251470318424
0.8858957860561876 0.4638843134315813
0.8843415777493623 0.4668404158422539
0.8828873325120104 0.4695848784722808
0.8815396857163977 0.4721099262958096
0.8803047863416854 0.4744085614150735
0.8791882689104107 0.4764745405688696
0.8781952277645643 0.4783023540936685
0.8773301937872889 0.4798872066112599
0.8765971136423097 0.4812249997183974
0.8759993315045628 0.4823123170763517
0.8755395728186198 0.4831464130350020
0.8752199265966821 0.4837252113422439
0.8750417799333182 0.4840473978559645
1e+0 0.3
1e+0 nan + nan*I
1e+0 + 0e-1*I 0e+0 + 0e+0*I
0e+1 + 0e-1*I nan + nan*I
0.9687291100333409 0.2481207596595079
0.9686400367016590 0.2484682661802282
0.9684802135906901 0.2490904973766187
0.9682503342477186 0.2499825798514392
0.9679514431788452 0.2511374198481598
0.9675849031063555 0.2525459468703954
0.9671523861177178 0.2541972895740724
0.9666558655447947 0.2560789675233870
0.9660976068291573 0.2581770982852178
0.9654801571418012 0.2604766134712346
0.9648063337439948 0.2629614769647283
0.9640792111253188 0.2656148991980361
0.9633021069719062 0.2684195423278383
0.9624785670267612 0.2713577122805106
0.9616123489103407 0.2744115347851421
0.9607074049748151 0.2775631135914077
0.9597678642700442 0.2807946700251236
0.9587980137034531 0.2840886638328130
0.9578022784797167 0.2874278958957588
0.9567852019094730 0.2907955938576942
0.9557514246791735 0.2941754820234517
0.9547056636766498 0.2975518370699931
0.9536526904690008 0.3009095311904163
0.9525973095309992 0.3042340642898190
0.9515443363233502 0.3075115867913840
0.9504985753208265 0.3107289145108306
0.9494647980905270 0.3138735369331329
0.9484477215202833 0.3169336200894174
0.9474519862965469 0.3198980050933857
0.9464821357299558 0.3227562032619381
0.9455425950251849 0.3254983886181914
0.9446376510896593 0.3281153884593209
0.9437714329732388 0.3305986725678725
0.9429478930280938 0.3329403415536762
0.9421707888746812 0.3351331147339233
0.9414436662560052 0.3371703178906048
0.9407698428581988 0.3390458711864220
0.9401523931708427 0.3407542774715193
0.9395941344552053 0.3422906111732741
0.9390976138822822 0.3436505079300831
0.9386650968936445 0.3448301551106646
0.9382985568211548 0.3458262833668633
0.9379996657522814 0.3466361594649474
0.9377697864093099 0.3472575811956267
0.9376099632983410 0.3476888792062288
0.9375208899666591 0.3479289882664615
1e+0 0.2
1e+0 nan + nan*I
1e+0 + 0e-1*I 0e+0 + 0e+0*I
1e+0 + 0e-1*I nan + nan*I
0.9843645550166705 0.1761431884201951
0.9843200183508295 0.1763918974154502
0.9842401067953451 0.1768372477038923
0.9841251671238593 0.1774757883020554
0.9839757215894226 0.1783024938764883
0.9837924515531778 0.1793109373880701
0.9835761930588589 0.1804934138627842
0.9833279327723973 0.1818410751990970
0.9830488034145786 0.1833440757296650
0.9827400785709006 0.1849917240593756
0.9824031668719974 0.1867726364322955
0.9820396055626594 0.1886748873229723
0.9816510534859531 0.1906861536397397
0.9812392835133806 0.1927938497207510
0.9808061744551703 0.1949852511104724
0.9803537024874075 0.1972476058643847
0.9798839321350221 0.1995682328017348
0.9793990068517265 0.2019346066870454
0.9789011392398584 0.2043344307621881
0.9783926009547365 0.2067556973750077
0.9778757123395867 0.2091867376683947
0.9773528318383249 0.2116162614205417
0.9768263452345004 0.2140333881799955
0.9762986547654996 0.2164276708350294
0.9757721681616751 0.2187891127114501
0.9752492876604133 0.2211081792197125
0.9747323990452635 0.2233758049822432
0.9742238607601416 0.2255833972738334
0.9737259931482735 0.2277228365083495
0.9732410678649779 0.2297864744083896
0.9727712975125925 0.2317671304039193
0.9723188255448297 0.2336580867231500
0.9718857164866194 0.2354530825648508
0.9714739465140469 0.2371463076761322
0.9710853944373406 0.2387323956032668
0.9707218331280026 0.2402064168347929
0.9703849214290994 0.2415638720153338
0.9700761965854214 0.2428006853745741
0.9697970672276027 0.2439131984881931
0.9695488069411411 0.2448981644663960
0.9693325484468222 0.2457527426532388
0.9691492784105774 0.2464744939263637
0.9689998328761407 0.2470613767589168
0.9688848932046549 0.2475117446098354
0.9688049816491705 0.2478243481414818
0.9687604449833295 0.2479983875667367
0.99 0.2
1.0 nan + nan*I
0.99 + 0e-2*I 0e+0 + 0e+0*I
1e+0 + 0e-1*I nan + nan*I
0.9921768119603495 0.1248405935911761
0.9921312949669737 0.1252018112774564
0.9920498525608887 0.1258455006502775
0.9919332268591318 0.1267614825285275
0.9917825045147111 0.1279353889216231
0.9915990922411429 0.1293492955780644
0.9913847023279998 0.1309823346486971
0.9911413364013293 0.1328113371538254
0.9908712666676962 0.1348114716645263
0.9905770146767217 0.1369568471970417
0.9902613277692665 0.1392210570447204
0.9899271534223853 0.1415776497793817
0.9895776117276646 0.1440005221079825
0.9892159662587974 0.1464642348789416
0.9888455935999328 0.1489442580900538
0.9884699518190927 0.1514171534231195
0.9880925481809073 0.1538607039804558
0.9877169064000672 0.1562540009455146
0.9873465337412026 0.1585774962257643
0.9869848882723354 0.1608130290804994
0.9866353465776147 0.1629438335245311
0.9863011722307335 0.1649545320877272
0.9859854853232783 0.1668311203937065
0.9856912333323038 0.1685609460457604
0.9854211635986707 0.1701326844901996
0.9851777976720002 0.1715363138642876
0.9849634077588571 0.1727630903175192
0.9847799954852889 0.1738055249179221
0.9846292731408682 0.1746573630686252
0.9845126474391113 0.1753135677363054
0.9844312050330263 0.1757703119335678
0.9843856880396505 0.1760250470322447
0.99 0.1
1.0 nan + nan*I
0.99 + 0e-2*I 0e+0 + 0e-1*I
1e+0 + 0e-2*I nan + nan*I
0.9960884059801748 0.08836225139659203
0.9960656474834869 0.08861842868897023
0.9960249262804443 0.08907494725249856
0.9959666134295659 0.08972460606568104
0.9958912522573556 0.09055723978388571
0.9957995461205714 0.09156016571666929
0.9956923511639999 0.09271861643438135
0.9955706682006646 0.09401619338434278
0.9954356333338481 0.09543531782962096
0.9952885073383609 0.09695765653200160
0.9951306638846333 0.09856450576413938
0.9949635767111926 0.1002371239515114
0.9947888058638323 0.1019570092147205
0.9946079831293987 0.1037061227472599
0.9944227967999664 0.1054670621783538
0.9942349759095464 0.1072231909530012
0.9940462740904536 0.1089587305675260
0.9938584532000336 0.1106588225259813
0.9936732668706013 0.1123095664077944
0.9934924441361677 0.1138980396861318
0.9933176732888074 0.1154123040759094
0.9931505861153667 0.1168414023311237
0.9929927426616391 0.1181753486193957
0.9928456166661519 0.1194051149105787
0.9927105817993354 0.1205226152372453
0.9925888988360001 0.1215206892160209
0.9924817038794286 0.1223930858528628
0.9923899977426444 0.1231344483901811
0.9923146365704341 0.1237403008242961
0.9922563237195557 0.1242070369928869
0.9922156025165131 0.1245319160809501
0.9921928440198252 0.1247131118842392
1.0 0e-1
1.0 nan + nan*I
1.0 + 0e-2*I 0e+0 + 0e-1*I
1.0 + 0e-2*I nan + nan*I
0.9980442029900874 0.06251214984210068
0.9980328237417434 0.06269356214223355
0.9980124631402222 0.06301685026075705
0.9979833067147829 0.06347692114956004
0.9979456261286778 0.06406658482111605
0.9978997730602857 0.06477687030283474
0.9978461755819999 0.06559733132053879
0.9977853341003323 0.06651636681515476
0.9977178166669240 0.06752153956617217
0.9976442536691804 0.06859987697411684
0.9975653319423166 0.06973814241013045
0.9974817883555963 0.07092307028690553
0.9973944029319161 0.07214156222377300
0.9973039915646994 0.07338084497413533
0.9972113983999832 0.07462859305353401
0.9971174879547732 0.07587302033504900
0.9970231370452268 0.07710294544629837
0.9969292266000168 0.07830783581923558
0.9968366334353006 0.07947783490619286
0.9967462220680839 0.08060377654305074
0.9966588366444037 0.08167718983060000
0.9965752930576834 0.08269029729655414
0.9964963713308196 0.08363600854003831
0.9964228083330760 0.08450791107124922
0.9963552908996677 0.08530025964930343
0.9962944494180001 0.08600796508977600
0.9962408519397143 0.08662658325498170
0.9961949988713222 0.08715230475303755
0.9961573182852171 0.08758194578110702
0.9961281618597778 0.08791294074173761
0.9961078012582566 0.08814333935381404
0.9960964220099126 0.08827184182427641
0.999 0e-1
1.00 nan + nan*I
1.0 + 0e-3*I 0e-1 + 0e-1*I
1.0 + 0e-2*I nan + nan*I
0.9990221014950437 0.04421358076911007
0.9990164118708717 0.04434195318937599
0.9990062315701111 0.04457072227466795
0.9989916533573915 0.04489628628589887
0.9989728130643389 0.04531356042424190
0.9989498865301429 0.04581620020707426
0.9989230877910000 0.04639681754273846
0.9988926670501662 0.04704720728593673
0.9988589083334620 0.04775857245442455
0.9988221268345902 0.04852173683645069
0.9987826659711583 0.04932733679761754
0.9987408941777982 0.05016598745098290
0.9986972014659581 0.05102842133618831
0.9986519957823497 0.05190560008255221
0.9986056991999916 0.05278880113523981
0.9985587439773866 0.05366968256198371
0.9985115685226134 0.05454032935828594
0.9984646133000084 0.05539328468022716
0.9984183167176503 0.05622156919451545
0.9983731110340419 0.05701869135826062
0.9983294183222018 0.05777865100929693
0.9982876465288417 0.05849593821716549
0.9982481856654098 0.05916552894817688
0.9982114041665380 0.05978287875193499
0.9981776454498338 0.06034391538693692
0.9981472247090000 0.06084503106845294
0.9981204259698571 0.06128307483923212
0.9980974994356611 0.06165534543152342
0.9980786591426085 0.06195958492511604
0.9980640809298889 0.06219397364356256
0.9980539006291283 0.06235712821307696
0.9980482110049563 0.06244812655161250
0.999 0.04
1.00 nan + nan*I
0.999 + 0e-3*I 0e-1 + 0e-1*I
1.0 + 0e-3*I nan + nan*I
0.9995110507475218 0.03126754601155660
0.9995082059354359 0.03135835243960286
0.9995031157850555 0.03152017664870950
0.9994958266786957 0.03175047167949809
0.9994864065321694 0.03204564178497459
0.9994749432650714 0.03240120036792232
0.9994615438955000 0.03281192274194785
0.9994463335250831 0.03327200630061848
0.9994294541667310 0.03377522974000503
0.9994110634172951 0.03431510336734156
0.9993913329855792 0.03488500470556426
0.9993704470888991 0.03547829597562378
0.9993486007329790 0.03608842214667821
0.9993259978911748 0.03670898989086492
0.9993028495999958 0.03733382891330829
0.9992793719886933 0.03795703779120190
0.9992557842613067 0.03857301673865906
0.9992323066500042 0.03917648972166817
0.9992091583588252 0.03976251817790544
0.9991865555170210 0.04032650832927618
0.9991647091611009 0.04086421376966175
0.9991438232644208 0.04137173470566309
0.9991240928327049 0.04184551494753646
0.9991057020832690 0.04228233750276999
0.9990888227249169 0.04267931941982591
0.9990736123545000 0.04303390636382243
0.9990602129849286 0.04334386727680353
0.9990487497178306 0.04360728938193207
0.9990393295713043 0.04382257374594632
0.9990320404649445 0.04398843171163962
0.9990269503145641 0.04410388356121699
0.9990241055024782 0.04416827622823194
1.00 0.03
1.00 nan + nan*I
1.00 + 0e-3*I 0e-1 + 0e-1*I
1.00 + 0e-3*I nan + nan*I
0.9997555253737609 0.02211084540752070
0.9997541029677179 0.02217506706221333
0.9997515578925278 0.02228951528103945
0.9997479133393479 0.02245238904036236
0.9997432032660847 0.02266114567421524
0.9997374716325357 0.02291261254821999
0.9997307719477500 0.02320309506845791
0.9997231667625415 0.02352848992765068
0.9997147270833655 0.02388439768200206
0.9997055317086476 0.02426622902575264
0.9996956664927896 0.02466930066980480
0.9996852235444495 0.02508891840801333
0.9996743003664895 0.02552044644534449
0.9996629989455874 0.02595936322629056
0.9996514247999979 0.02640130480362938
0.9996396859943466 0.02684209725643722
0.9996278921306534 0.02727777986616333
0.9996161533250021 0.02770462076488132
0.9996045791794126 0.02811912664983541
0.9995932777585105 0.02851804796961589
0.9995823545805505 0.02889838077129398
0.9995719116322104 0.02925736618235689
0.9995620464163524 0.02959248830283926
0.9995528510416345 0.02990147110996451
0.9995444113624585 0.03018227483269645
0.9995368061772500 0.03043309213639903
0.9995301064924643 0.03065234436650815
0.9995243748589153 0.03083867803416052
0.9995196647856521 0.03099096169494575
0.9995160202324722 0.03110828344091276
0.9995134751572821 0.03118994996811112
0.9995120527512391 0.03123549911565802
0.9998 0.02
1.00 nan + nan*I
1.00 + 0e-3*I 0e-1 + 0e-1*I
1.00 + 0e-3*I nan + nan*I
0.9998777626868805 0.01563520656334154
0.9998770514838590 0.01568062230730817
0.9998757789462639 0.01576155692189185
0.9998739566696739 0.01587673687289084
0.9998716016330424 0.01602436419252382
0.9998687358162679 0.01620219544316001
0.9998653859738750 0.01640761808776574
0.9998615833812708 0.01663773056333466
0.9998573635416828 0.01688942188102523
0.9998527658543238 0.01715944677018443
0.9998478332463948 0.01744449347185290
0.9998426117722248 0.01774124247329418
0.9998371501832448 0.01804641552906464
0.9998314994727937 0.01835681513729743
0.9998257123999989 0.01866935520671740
0.9998198429971733 0.01898108398136642
0.9998139460653267 0.01928920043133049
0.9998080766625011 0.01959106532147814
0.9998022895897063 0.01988420808533950
0.9997966388792552 0.02016633049774021
0.9997911772902752 0.02043530798704643
0.9997859558161052 0.02068918927548684
0.9997810232081762 0.02092619489568509
0.9997764255208172 0.02114471500914030
0.9997722056812292 0.02134330684992077
0.9997684030886250 0.02152069203396198
0.9997650532462321 0.02167575390980918
0.9997621874294576 0.02180753508001340
0.9997598323928261 0.02191523519993187
0.9997580101162361 0.02199820920947721
0.9997567375786410 0.02205596667825473
0.9997560263756195 0.02208818067726561
0.9999 0.01
1.000 nan + nan*I
0.9999 + 0e-4*I 0.01 + 0e-1*I
1.00 + 0e-3*I nan + nan*I
0.9999388813434402 0.01105592952353436
0.9999385257419295 0.01108804478060179
0.9999378894731319 0.01114527684800007
0.9999369783348370 0.01122672519463204
0.9999358008165212 0.01133111845417208
0.9999343679081339 0.01145687026027005
0.9999326929869375 0.01160213324742464
0.9999307916906354 0.01176485567013660
0.9999286817708414 0.01194283768739395
0.9999263829271619 0.01213378449630657
0.9999239166231974 0.01233535426832099
0.9999213058861124 0.01254519968002380
0.9999185750916224 0.01276100257579854
0.9999157497363969 0.01298050188164438
0.9999128561999995 0.01320151529026769
0.9999099214985867 0.01342195547192209
0.9999069730326633 0.01363984166538131
0.9999040383312505 0.01385330750604637
0.9999011447948531 0.01406060588815876
0.9998983194396276 0.01426011156367303
0.9998955886451376 0.01445032207231887
0.9998929779080526 0.01462985748962117
0.9998905116040881 0.01479745938041182
0.9998882127604086 0.01495198925881827
0.9998861028406146 0.01509242678325304
0.9998842015443125 0.01521786785632787
0.9998825266231161 0.01532752275397367
0.9998810937147288 0.01542071437507629
0.9998799161964130 0.01549687668706344
0.9998790050581181 0.01555555347738951
0.9998783687893205 0.01559639789206318
0.9998780131878098 0.01561917871074255
1.000 0e-1
1.000 nan + nan*I
1.000 + 0e-4*I 0e-1 + 0e-2*I
1.00 + 0e-4*I nan + nan*I
0.9999694406717201 0.007817782466097680
0.9999692628709647 0.007840491904173909
0.9999689447365660 0.007880962024947849
0.9999684891674185 0.007938556054501528
0.9999679004082606 0.008012374997154675
0.9999671839540670 0.008101297116709200
0.9999663464934687 0.008204016120413216
0.9999653958453177 0.008319081194284253
0.9999643408854207 0.008444936801786691
0.9999631914635809 0.008579960254555856
0.9999619583115987 0.008722495608055580
0.9999606529430562 0.008870883028015010
0.9999592875458112 0.009023483300460778
0.9999578748681984 0.009178697569721748
0.9999564280999997 0.009334982672188277
0.9999549607492933 0.009490862599323301
0.9999534865163317 0.009644936694063833
0.9999520191656253 0.009795885186597876
0.9999505723974266 0.009942472633050524
0.9999491597198138 0.01008354975384611
0.9999477943225688 0.01021805409212679
0.9999464889540263 0.01034500983640680
0.9999452558020441 0.01046352708147108
0.9999441063802043 0.01057280074032620
0.9999430514203073 0.01067210926877418
0.9999421007721563 0.01076081332274254
0.9999412633115580 0.01083835443623059
0.9999405468573644 0.01090425378441879
0.9999399580982065 0.01095811108526448
0.9999395025290590 0.01099960371731421
0.9999391843946603 0.01102848639395403
0.9999390065939049 0.01104459560122704
1.000 0e-2
1.000 nan + nan*I
1.000 + 0e-4*I 0e-2 + 0e-2*I
1.000 + 0e-4*I nan + nan*I
0.9999847203358601 0.005528028112423850
0.9999846314354824 0.005544086294646182
0.9999844723682830 0.005572703323045449
0.9999842445837092 0.005613428929662682
0.9999839502041303 0.005665627427166575
0.9999835919770335 0.005728505626236049
0.9999831732467344 0.005801139835551753
0.9999826979226588 0.005882504170880567
0.9999821704427103 0.005971498696826347
0.9999815957317905 0.006066975993191948
0.9999809791557993 0.006167765122699514
0.9999803264715281 0.006272692396099534
0.9999796437729056 0.006380598703321561
0.9999789374340992 0.006490353470335055
0.9999782140499999 0.006600865501784224
0.9999774803746467 0.006711091086637327
0.9999767432581658 0.006820039794040078
0.9999760095828126 0.006926778387866951
0.9999752861987133 0.007030433258445268
0.9999745798599069 0.007130191722714568
0.9999738971612844 0.007225302490069433
0.9999732444770132 0.007315075537250935
0.9999726279010220 0.007398881586033242
0.9999720531901022 0.007476151334176204
0.9999715257101537 0.007546374553884147
0.9999710503860781 0.007609099142710844
0.9999706316557790 0.007663930189029776
0.9999702734286822 0.007710529097704520
0.9999699790491033 0.007748612813658380
0.9999697512645295 0.007777953198301846
0.9999695921973301 0.007798376799390872
0.9999695032969524 0.007809767989269503
0.99999 0e-2
1.0000 nan + nan*I
0.99999 + 0e-5*I 0e-2 + 0e-2*I
1.000 + 0e-4*I nan + nan*I
0.9999923601679300 0.003908913630781352
0.9999923157177412 0.003920268545576393
0.9999922361841415 0.003940503957640137
0.9999921222918546 0.003969301479161363
0.9999919751020651 0.004006211610826110
0.9999917959885167 0.004050673482362341
0.9999915866233672 0.004102033944364560
0.9999913489613294 0.004159567585781449
0.9999910852213552 0.004222496633080678
0.9999907978658952 0.004290009735450002
0.9999904895778997 0.004361278912489179
0.9999901632357640 0.004435474237324921
0.9999898218864528 0.004511776091564139
0.9999894687170496 0.004589385034279182
0.9999891070249999 0.004667529468918959
0.9999887401873233 0.004745471374895544
0.9999883716290829 0.004822510405914672
0.9999880047914063 0.004897986658040173
0.9999876430993566 0.004971282389255330
0.9999872899299535 0.005041822938899606
0.9999869485806422 0.005109077057164926
0.9999866222385066 0.005172556816734457
0.9999863139505110 0.005231817243560932
0.9999860265950511 0.005286455773180949
0.9999857628550768 0.005336111613342682
0.9999855251930391 0.005380465073006050
0.9999853158278895 0.005419236901637680
0.9999851367143411 0.005452187671066965
0.9999849895245516 0.005479117226558362
0.9999848756322648 0.005499864245959744
0.9999847960986651 0.005514306077037682
0.9999847516484762 0.005522360956632000
0.99999 0.003
1.0000 nan + nan*I
0.99999 + 0e-5*I 0e-2 + 0e-2*I
1.000 + 0e-5*I nan + nan*I
0.9999961800839650 0.002764021974987290
0.9999961578588706 0.002772051135308706
0.9999961180920707 0.002786359773844354
0.9999960611459273 0.002806722756313437
0.9999959875510326 0.002832822238529217
0.9999958979942584 0.002864261625062876
0.9999957933116836 0.002900579069183622
0.9999956744806647 0.002941261627339428
0.9999955426106776 0.002985759329970921
0.9999953989329476 0.003033498464635497
0.9999952447889498 0.003083893559819069
0.9999950816178820 0.003136357767454026
0.9999949109432264 0.003190311528472374
0.9999947343585248 0.003245189551230099
0.9999945535125000 0.003300446232835726
0.9999943700936617 0.003355559712003629
0.9999941858145415 0.003410034767026606
0.9999940023957032 0.003463404773113745
0.9999938215496783 0.003515232918329662
0.9999936449649767 0.003565112853764559
0.9999934742903211 0.003612668926557113
0.9999933111192533 0.003657556117450379
0.9999931569752555 0.003699459779751418
0.9999930132975255 0.003738095254927375
0.9999928814275384 0.003773207421955386
0.9999927625965195 0.003804570222893532
0.9999926579139448 0.003831986195729758
0.9999925683571706 0.003855286037323619
0.9999924947622758 0.003874328215288116
0.9999924378161324 0.003888998656289048
0.9999923980493325 0.003899210631048457
0.9999923758242381 0.003904906323552819
1.0000 0.002
1.0000 nan + nan*I
1.0000 + 0e-5*I 0e-2 + 0e-2*I
1.0000 + 0e-5*I nan + nan*I
0.9999980900419825 0.001954459615097214
0.9999980789294353 0.001960137096964204
0.9999980590460354 0.001970254846955407
0.9999980305729637 0.001984653671058682
0.9999979937755163 0.002003108819432814
0.9999979489971292 0.002025339856670157
0.9999978966558418 0.002051020207689264
0.9999978372403324 0.002079787166456960
0.9999977713053388 0.002111251845549009
0.9999976994664738 0.002145008568730546
0.9999976223944749 0.002180643344784928
0.9999975408089410 0.002217741209058276
0.9999974554716132 0.002255892350928248
0.9999973671792624 0.002294697048294511
0.9999972767562500 0.002333769501038243
0.9999971850468308 0.002372740696825569
0.9999970929072707 0.002411260460289024
0.9999970011978516 0.002448998837081770
0.9999969107748392 0.002485646953685565
0.9999968224824884 0.002520917477161078
0.9999967371451606 0.002554544779931909
0.9999966555596266 0.002586284895642929
0.9999965784876278 0.002615915334590575
0.9999965066487628 0.002643234811922343
0.9999964407137692 0.002668062928993257
0.9999963812982598 0.002690239837907831
0.9999963289569724 0.002709625911207786
0.9999962841785853 0.002726101432837746
0.9999962473811379 0.002739566323715694
0.9999962189080662 0.002749939921337414
0.9999961990246663 0.002757160898470407
0.9999961879121191 0.002761188372761882
0.999999 0.002
1.00000 nan + nan*I
1.0000 + 0e-6*I 0e-2 + 0e-2*I
1.0000 + 0e-5*I nan + nan*I
0.9999990450209913 0.001382011977338793
0.9999990394647176 0.001386026566150756
0.9999990295230177 0.001393180900960536
0.9999990152864818 0.001403362414590067
0.9999989968877581 0.001416412184880846
0.9999989744985646 0.001432131914022427
0.9999989483279209 0.001450290678515524
0.9999989186201662 0.001470632006404688
0.9999988856526694 0.001492880912677572
0.9999988497332369 0.001516750540819867
0.9999988111972375 0.001541948154715134
0.9999987704044705 0.001568180329899211
0.9999987277358066 0.001595157286334005
0.9999986835896312 0.001622596377618916
0.9999986383781250 0.001650224801656513
0.9999985925234154 0.001677781627082761
0.9999985464536354 0.001705019242259058
0.9999985005989258 0.001731704333948931
0.9999984553874196 0.001757618495297312
0.9999984112412442 0.001782558550926861
0.9999983685725803 0.001806336673462095
0.9999983277798133 0.001828780352321112
0.9999982892438139 0.001849732263209946
0.9999982533243814 0.001869050075935578
0.9999982203568846 0.001886606229095955
0.9999981906491299 0.001902287692880272
0.9999981644784862 0.001915995735507660
0.9999981420892926 0.001927645704711372
0.9999981236905690 0.001937166833691833
0.9999981094540331 0.001944502085277016
0.9999980995123331 0.001949608094433454
0.9999980939560595 0.001952455952881193
0.999999 0.001
1.00000 nan + nan*I
0.999999 + 0e-6*I 0.001 + 0e-2*I
1.0000 + 0e-6*I nan + nan*I
0.9999995225104956 0.0009772301575116108
0.9999995197323588 0.0009800689015037849
0.9999995147615088 0.0009851277819942945
0.9999995076432409 0.0009923272019637525
0.9999994984438791 0.001001554786468523
0.9999994872492823 0.001012670317770827
0.9999994741639604 0.001025510508282606
0.9999994593100831 0.001039894004923832
0.9999994428263347 0.001055626363900127
0.9999994248666185 0.001072504746990467
0.9999994055986187 0.001090322158459465
0.9999993852022353 0.001108871115828026
0.9999993638679033 0.001127946713606754
0.9999993417948156 0.001147349090540921
0.9999993191890625 0.001166885346340707
0.9999992962617077 0.001186370974584183
0.9999992732268177 0.001205630887310077
0.9999992502994629 0.001224500107047628
0.9999992276937098 0.001242824196723977
0.9999992056206221 0.001260459489543330
0.9999991842862901 0.001277273171383440
0.9999991638899067 0.001293143258729656
0.9999991446219069 0.001307958506395205
0.9999991266621907 0.001321618271626238
0.9999991101784423 0.001334032354785383
0.9999990953245649 0.001345120831627968
0.9999990822392431 0.001354813888150906
0.9999990710446463 0.001363051666080252
0.9999990618452845 0.001369784125660716
0.9999990547270165 0.001374970935461672
0.9999990497561666 0.001378581431727399
0.9999990469780298 0.001380595173184913
1.00000 0e-3
1.00000 nan + nan*I
1.00000 + 0e-6*I 0e-2 + 0e-3*I
1.00000 + 0e-6*I nan + nan*I
0.9999997612552478 0.0006910061123999848
0.9999997598661794 0.0006930134078873724
0.9999997573807544 0.0006965905772350050
0.9999997538216205 0.0007016813368491423
0.9999997492219395 0.0007082062256423898
0.9999997436246411 0.0007160660946975208
0.9999997370819802 0.0007251454822481554
0.9999997296550415 0.0007353161522941405
0.9999997214131673 0.0007464406123002185
0.9999997124333092 0.0007583754339726099
0.9999997027993094 0.0007709742492081713
0.9999996926011176 0.0007840903457210262
0.9999996819339516 0.0007975788334291162
0.9999996708974078 0.0008112983890598181
0.9999996595945312 0.0008251126114829530
0.9999996481308539 0.0008388910349263530
0.9999996366134088 0.0008525098534725899
0.9999996251497314 0.0008658524103983020
0.9999996138468549 0.0008788095021650320
0.9999996028103110 0.0008912795409688057
0.9999995921431451 0.0009031686130037788
0.9999995819449533 0.0009143904628598217
0.9999995723109535 0.0009248664282715144
0.9999995633310953 0.0009345253440265246
0.9999995550892212 0.0009433034293124974
0.9999995476622825 0.0009511441691190507
0.9999995411196215 0.0009579981974588939
0.9999995355223232 0.0009638231881115891
0.9999995309226422 0.0009685837576015888
0.9999995273635083 0.0009722513872797642
0.9999995248780833 0.0009748043945800706
0.9999995234890149 0.0009762283253283828
0.9999998 0e-3
1.00000 nan + nan*I
1.00000 + 0e-6*I 0e-3 + 0e-3*I
1.00000 + 0e-6*I nan + nan*I
0.9999998806276239 0.0004886151225011711
0.9999998799330897 0.0004900344948795929
0.9999998786903772 0.0004925639358117109
0.9999998769108102 0.0004961636467861671
0.9999998746109698 0.0005007774403282646
0.9999998718123206 0.0005063352075648705
0.9999998685409901 0.0005127553046960375
0.9999998648275208 0.0005199470551738214
0.9999998607065837 0.0005278132370907520
0.9999998562166546 0.0005362524313233672
0.9999998513996547 0.0005451611399880904
0.9999998463005588 0.0005544356218263554
0.9999998409669758 0.0005639734240711860
0.9999998354487039 0.0005736746160696471
0.9999998297972656 0.0005834427476480276
0.9999998240654269 0.0005931855655634903
0.9999998183067044 0.0006028155258007063
0.9999998125748657 0.0006122501395871264
0.9999998069234274 0.0006214121883471055
0.9999998014051555 0.0006302298386419789
0.9999997960715725 0.0006386366833688684
0.9999997909724767 0.0006465717307283122
0.9999997861554767 0.0006539793580850502
0.9999997816655477 0.0006608092440212078
0.9999997775446106 0.0006670162886787392
0.9999997738311412 0.0006725605298981924
0.9999997705598108 0.0006774070606437797
0.9999997677611616 0.0006815259517477466
0.9999997654613211 0.0006848921833056635
0.9999997636817541 0.0006874855895799026
0.9999997624390416 0.0006892908386751690
0.9999997617445074 0.0006902977099428979
0.9999999 0.0004
1.000000 nan + nan*I
0.9999999 + 0e-7*I 0e-3 + 0e-3*I
1.00000 + 0e-6*I nan + nan*I
0.9999999403138120 0.0003455030716663142
0.9999999399665449 0.0003465067195451837
0.9999999393451886 0.0003482953044618428
0.9999999384554051 0.0003508406846188329
0.9999999373054849 0.0003541031294714388
0.9999999359061603 0.0003580330645595467
0.9999999342704951 0.0003625727589978747
0.9999999324137604 0.0003676580947835424
0.9999999303532918 0.0003732203256452858
0.9999999281083273 0.0003791877374316368
0.9999999256998273 0.0003854871460854082
0.9999999231502794 0.0003920451954569374
0.9999999204834879 0.0003987894404973188
0.9999999177243520 0.0004056492195612002
0.9999999148986328 0.0004125563320733094
0.9999999120327135 0.0004194455451362935
0.9999999091533522 0.0004262549557791726
0.9999999062874329 0.0004329262356271252
0.9999999034617137 0.0004394047828970572
0.9999999007025778 0.0004456398036725685
0.9999998980357863 0.0004515843410359742
0.9999998954862383 0.0004571952672673120
0.9999998930777384 0.0004624332512190675
0.9999998908327738 0.0004672627102705965
0.9999998887723053 0.0004716517540018055
0.9999998869155706 0.0004755721248943811
0.9999998852799054 0.0004789991399425711
0.9999998838805808 0.0004819116360252733
0.9999998827306606 0.0004842919213952441
0.9999998818408771 0.0004861257367200295
0.9999998812195208 0.0004874022407104436
0.9999998808722537 0.0004881142062751550
1.000000 0.0003
1.000000 nan + nan*I
1.000000 + 0e-7*I 0e-3 + 0e-3*I
1.00000 + 0e-7*I nan + nan*I
0.9999999701569060 0.0002443075667187559
0.9999999699832724 0.0002450172529557587
0.9999999696725943 0.0002462819735076756
0.9999999692277026 0.0002480818291186196
0.9999999686527424 0.0002503887260508824
0.9999999679530801 0.0002531676098673670
0.9999999671352475 0.0002563776586673601
0.9999999662068802 0.0002599735341758985
0.9999999651766459 0.0002639066254379616
0.9999999640541637 0.0002681262228901998
0.9999999628499137 0.0002725805775888395
0.9999999615751397 0.0002772178189022200
0.9999999602417440 0.0002819867204440684
0.9999999588621760 0.0002868373168847212
0.9999999574493164 0.0002917213831337224
0.9999999560163567 0.0002965927925656692
0.9999999545766761 0.0003014077731685607
0.9999999531437164 0.0003061250805514763
0.9999999517308569 0.0003107061054216914
0.9999999503512889 0.0003151149310547776
0.9999999490178931 0.0003193183538940766
0.9999999477431192 0.0003232858780345904
0.9999999465388692 0.0003269896921534547
0.9999999454163869 0.0003304046355366137
0.9999999443861526 0.0003335081582501241
0.9999999434577853 0.0003362802792096207
0.9999999426399527 0.0003387035448929291
0.9999999419402904 0.0003407629907123243
0.9999999413653303 0.0003424461067122433
0.9999999409204385 0.0003437428100210829
0.9999999406097604 0.0003446454346890165
0.9999999404361269 0.0003451488703902524
1.000000 0.0002
1.000000 nan + nan*I
1.000000 + 0e-7*I 0e-3 + 0e-3*I
1.000000 + 0e-7*I nan + nan*I
0.9999999850784530 0.0001727515377664473
0.9999999849916362 0.0001732533617227790
0.9999999848362972 0.0001741476542114639
0.9999999846138513 0.0001754203443336991
0.9999999843263712 0.0001770515668169998
0.9999999839765401 0.0001790165344311216
0.9999999835676238 0.0001812863817331619
0.9999999831034401 0.0001838290497213301
0.9999999825883230 0.0001866101652595399
0.9999999820270818 0.0001895938712714848
0.9999999814249568 0.0001927435757278693
0.9999999807875699 0.0001960226005530217
0.9999999801208720 0.0001993947232215044
0.9999999794310880 0.0002028246129095113
0.9999999787246582 0.0002062781693281337
0.9999999780081784 0.0002097227760272862
0.9999999772883381 0.0002131274815199459
0.9999999765718582 0.0002164631216170592
0.9999999758654284 0.0002197023954253461
0.9999999751756444 0.0002228199059848048
0.9999999745089466 0.0002257921748347475
0.9999999738715596 0.0002285976381133309
0.9999999732694346 0.0002312166302449473
0.9999999727081935 0.0002336313599174647
0.9999999721930763 0.0002358258819190971
0.9999999717288927 0.0002377860674890473
0.9999999713199763 0.0002394995751229258
0.9999999709701452 0.0002409558232588212
0.9999999706826651 0.0002421459660219279
0.9999999704602193 0.0002430628737450329
0.9999999703048802 0.0002437011257827725
0.9999999702180634 0.0002440571085889476
0.99999999 0.0001
1.0000000 nan + nan*I
0.99999999 + 0e-8*I 0.0001 + 0e-3*I
1.000000 + 0e-7*I nan + nan*I
0.9999999925392265 0.0001221537840428993
0.9999999924958181 0.0001225086271673746
0.9999999924181486 0.0001231409874540653
0.9999999923069256 0.0001240409152750018
0.9999999921631856 0.0001251943637612849
0.9999999919882700 0.0001265838056943000
0.9999999917838119 0.0001281888301235977
0.9999999915517200 0.0001299867679115727
0.9999999912941615 0.0001319533135805540
0.9999999910135409 0.0001340631123486644
0.9999999907124784 0.0001362902897437690
0.9999999903937849 0.0001386089104497402
0.9999999900604360 0.0001409933612730936
0.9999999897155440 0.0001434186595485978
0.9999999893623291 0.0001458606927305747
0.9999999890040892 0.0001482963975058251
0.9999999886441690 0.0001507038878678063
0.9999999882859291 0.0001530625416204773
0.9999999879327142 0.0001553530541168630
0.9999999875878222 0.0001575574669941123
0.9999999872544733 0.0001596591784732436
0.9999999869357798 0.0001616429406010994
0.9999999866347173 0.0001634948477155935
0.9999999863540967 0.0001652023194590580
0.9999999860965382 0.0001667540808639063
0.9999999858644463 0.0001681401413873759
0.9999999856599882 0.0001693517742678444
0.9999999854850726 0.0001703814972109685
0.9999999853413326 0.0001712230552385480
0.9999999852301096 0.0001718714069144329
0.9999999851524401 0.0001723227192634372
0.9999999851090317 0.0001725744371224766
0.99999999 0.0001
1.0000000 nan + nan*I
0.99999999 + 0e-8*I 0e-3 + 0e-4*I
1.000000 + 0e-8*I nan + nan*I
0.9999999962696132 8.637576912488491e-5
0.9999999962479091 8.662668110516289e-5
0.9999999962090743 8.707382735329976e-5
0.9999999961534628 8.771017241988488e-5
0.9999999960815928 8.852578366865996e-5
0.9999999959941350 8.950826748447932e-5
0.9999999958919059 9.064319114585902e-5
0.9999999957758600 9.191452515185994e-5
0.9999999956470807 9.330508293438206e-5
0.9999999955067705 9.479693595520069e-5
0.9999999953562392 9.637178819958031e-5
0.9999999951968925 9.801130062957994e-5
0.9999999950302180 9.969736198235781e-5
0.9999999948577720 0.0001014123068458696
0.9999999946811646 0.0001031390850755017
0.9999999945020446 0.0001048613884460355
0.9999999943220845 0.0001065637412137679
0.9999999941429646 0.0001082315612839667
0.9999999939663571 0.0001098511982097752
0.9999999937939111 0.0001114099535109675
0.9999999936272366 0.0001128960879569688
0.9999999934678899 0.0001142988196166248
0.9999999933173586 0.0001156083157019003
0.9999999931770484 0.0001168156805565032
0.9999999930482691 0.0001179129415743228
0.9999999929322232 0.0001188930343747557
0.9999999928299941 0.0001197497882054179
0.9999999927425363 0.0001204779122851837
0.9999999926706663 0.0001210729836765022
0.9999999926150548 0.0001215314375456437
0.9999999925762201 0.0001218505635698301
0.9999999925545159 0.0001220285549758951
1.0000000 0e-4
1.0000000 nan + nan*I
1.0000000 + 0e-8*I 0e-4 + 0e-4*I
1.0000000 + 0e-8*I nan + nan*I
0.9999999981348066 6.107689210688979e-5
0.9999999981239545 6.125431366987421e-5
0.9999999981045371 6.157049381456109e-5
0.9999999980767314 6.202045772696239e-5
0.9999999980407964 6.259718197262294e-5
0.9999999979970675 6.329190294222704e-5
0.9999999979459530 6.409441516053857e-5
0.9999999978879300 6.499338405873929e-5
0.9999999978235404 6.597665689797365e-5
0.9999999977533852 6.703155628727777e-5
0.9999999976781196 6.814514499055315e-5
0.9999999975984462 6.930445534969890e-5
0.9999999975151090 7.049668076792924e-5
0.9999999974288860 7.170932991257853e-5
0.9999999973405823 7.293034651075155e-5
0.9999999972510223 7.414819890578635e-5
0.9999999971610423 7.535194409434389e-5
0.9999999970714823 7.653127097833102e-5
0.9999999969831786 7.767652723418364e-5
0.9999999968969556 7.877873368039657e-5
0.9999999968136183 7.982958942739744e-5
0.9999999967339449 8.082147049852524e-5
0.9999999966586793 8.174742406265504e-5
0.9999999965885242 8.260115994087289e-5
0.9999999965241345 8.337704064930870e-5
0.9999999964661116 8.407007091650862e-5
0.9999999964149970 8.467588736159468e-5
0.9999999963712681 8.519074883733502e-5
0.9999999963353331 8.561152785457732e-5
0.9999999963075274 8.593570369520286e-5
0.9999999962881100 8.616135987158472e-5
0.9999999962772579 8.628721880215708e-5
0.999999999 0e-4
1.00000000 nan + nan*I
1.0000000 + 0e-9*I 0e-4 + 0e-4*I
1.0000000 + 0e-8*I nan + nan*I
0.9999999990674033 4.318788459265011e-5
0.9999999990619773 4.331334058305312e-5
0.9999999990522686 4.353691370759586e-5
0.9999999990383657 4.385508624157186e-5
0.9999999990203982 4.426289186684999e-5
0.9999999989985338 4.475413377585448e-5
0.9999999989729765 4.532159560783927e-5
0.9999999989439650 4.595726261232933e-5
0.9999999989117702 4.665254150526754e-5
0.9999999988766926 4.739846801753263e-5
0.9999999988390598 4.818589414174586e-5
0.9999999987992231 4.900565035892361e-5
0.9999999987575545 4.984868103762960e-5
0.9999999987144430 5.070615347182403e-5
0.9999999986702911 5.156954258918021e-5
0.9999999986255111 5.243069427706682e-5
0.9999999985805211 5.328187066360831e-5
0.9999999985357411 5.411578070141297e-5
0.9999999984915893 5.492559916702538e-5
0.9999999984484778 5.570497682030436e-5
0.9999999984068092 5.644804404593377e-5
0.9999999983669725 5.714940987830734e-5
0.9999999983293397 5.780415792337850e-5
0.9999999982942621 5.840784035297294e-5
0.9999999982620673 5.895647086400820e-5
0.9999999982330558 5.944651726615687e-5
0.9999999982074985 5.987489418320333e-5
0.9999999981856341 6.023895622456346e-5
0.9999999981676666 6.053649192144338e-5
0.9999999981537637 6.076571885696276e-5
0.9999999981440550 6.092528186972052e-5
0.9999999981386290 6.101427757312519e-5
0.999999999 0e-4
1.00000000 nan + nan*I
0.999999999 + 0e-9*I 0e-4 + 0e-4*I
1.0000000 + 0e-9*I nan + nan*I
0.9999999995337017 3.053844606412492e-5
0.9999999995309886 3.062715684571047e-5
0.9999999995261343 3.078524691822160e-5
0.9999999995191829 3.101022887466388e-5
0.9999999995101991 3.129859099780903e-5
0.9999999994992669 3.164595148299815e-5
0.9999999994864882 3.204720759261175e-5
0.9999999994719825 3.249669204223876e-5
0.9999999994558851 3.298832846244890e-5
0.9999999994383463 3.351577815775708e-5
0.9999999994195299 3.407257251011016e-5
0.9999999993996116 3.465222769045305e-5
0.9999999993787772 3.524834040038743e-5
0.9999999993572215 3.585466497357422e-5
0.9999999993351456 3.646517327355880e-5
0.9999999993127556 3.707409947200240e-5
0.9999999992902606 3.767597206722704e-5
0.9999999992678706 3.826563551017706e-5
0.9999999992457946 3.883826363906084e-5
0.9999999992242389 3.938936686311584e-5
0.9999999992034046 3.991479473754567e-5
0.9999999991834862 4.041073527400956e-5
0.9999999991646698 4.087371205693480e-5
0.9999999991471310 4.130057999685443e-5
0.9999999991310336 4.168852035182379e-5
0.9999999991165279 4.203503548610690e-5
0.9999999991037493 4.233794370925640e-5
0.9999999990928170 4.259537444764886e-5
0.9999999990838333 4.280576395670157e-5
0.9999999990768819 4.296785187734973e-5
0.9999999990720275 4.308067996577562e-5
0.9999999990693145 4.314360943119339e-5
1.00000000 3e-5
1.00000000 nan + nan*I
1.00000000 + 0e-9*I 0e-4 + 0e-4*I
1.00000000 + 0e-9*I nan + nan*I
0.9999999997665052 2.160994406720352e-5
0.9999999997636839 2.174010397425798e-5
0.9999999997586660 2.196970616543866e-5
0.9999999997515479 2.229134879601607e-5
0.9999999997424680 2.269502229295692e-5
0.9999999997316030 2.316881555868582e-5
0.9999999997191644 2.369960416330210e-5
0.9999999997053942 2.427367934643733e-5
0.9999999996905606 2.487727464171343e-5
0.9999999996749522 2.549697342666314e-5
0.9999999996588728 2.612000174100792e-5
0.9999999996426353 2.673442295485136e-5
0.9999999996265559 2.732925552879432e-5
0.9999999996109475 2.789453473490578e-5
0.9999999995961138 2.842133622227574e-5
0.9999999995823437 2.890177545018136e-5
0.9999999995699051 2.932899328776555e-5
0.9999999995590401 2.969713495919494e-5
0.9999999995499602 3.000132714586651e-5
0.9999999995428421 3.023765653386963e-5
0.9999999995378241 3.040315346871470e-5
0.9999999995350029 3.049580592581234e-5
0.9999999998 2e-5
1.00000000 nan + nan*I
1.00000000 + 0e-9*I 0e-4 + 0e-4*I
1.00000000 + 0e-9*I nan + nan*I
0.9999999998832526 1.528053799142760e-5
0.9999999998818420 1.537257494435253e-5
0.9999999998793330 1.553492821072622e-5
0.9999999998757739 1.576236389594707e-5
0.9999999998712340 1.604780416304631e-5
0.9999999998658015 1.638282659415677e-5
0.9999999998595822 1.675815081589614e-5
0.9999999998526971 1.716408327084576e-5
0.9999999998452803 1.759088959727612e-5
0.9999999998374761 1.802908281045925e-5
0.9999999998294364 1.846963035645869e-5
0.9999999998213177 1.890409176332915e-5
0.9999999998132779 1.932470191009250e-5
0.9999999998054737 1.972441467005480e-5
0.9999999997980569 2.009691957416863e-5
0.9999999997911718 2.043664141022106e-5
0.9999999997849525 2.073873004026871e-5
0.9999999997795200 2.099904551261629e-5
0.9999999997749801 2.121414187063166e-5
0.9999999997714210 2.138125198351076e-5
0.9999999997689121 2.149827598842546e-5
0.9999999997675015 2.156379116914419e-5
0.9999999999 1e-5
1.000000000 nan + nan*I
0.9999999999 + 0e-10*I 1e-5 + 0e-4*I
1.00000000 + 0e-9*I nan + nan*I
0.9999999999416263 1.080497203407480e-5
0.9999999999409210 1.087005198761063e-5
0.9999999999396665 1.098485308321640e-5
0.9999999999378870 1.114567439852725e-5
0.9999999999356170 1.134751114702640e-5
0.9999999999329007 1.158440777992589e-5
0.9999999999297911 1.184980208227502e-5
0.9999999999263486 1.213683967388909e-5
0.9999999999226402 1.243863732157840e-5
0.9999999999187380 1.274848671410854e-5
0.9999999999147182 1.306000087133930e-5
0.9999999999106588 1.336721147832136e-5
0.9999999999066390 1.366462776535397e-5
0.9999999999027369 1.394726736847031e-5
0.9999999998990285 1.421066811221402e-5
0.9999999998955859 1.445088772622234e-5
0.9999999998924763 1.466449664506536e-5
0.9999999998897600 1.484856748082515e-5
0.9999999998874900 1.500066357419905e-5
0.9999999998857105 1.511882826823076e-5
0.9999999998844560 1.520157673567469e-5
0.9999999998837507 1.524790296423559e-5
1.000000000 0e-4
1.000000000 nan + nan*I
1.000000000 + 0e-10*I 0e-4 + 0e-5*I
1.00000000 + 0e-10*I nan + nan*I
0.9999999999708131 7.640268995881046e-6
0.9999999999704605 7.686287472346550e-6
0.9999999999698333 7.767464105538849e-6
0.9999999999689435 7.881181948157105e-6
0.9999999999678085 8.023902081716880e-6
0.9999999999664504 8.191413297284500e-6
0.9999999999648955 8.379075408168675e-6
0.9999999999631743 8.582041635659910e-6
0.9999999999613201 8.795444798893214e-6
0.9999999999593690 9.014541405504326e-6
0.9999999999573591 9.234815178524682e-6
0.9999999999553294 9.452045881981247e-6
0.9999999999533195 9.662350955384531e-6
0.9999999999513684 9.862207335387112e-6
0.9999999999495142 1.004845978746480e-5
0.9999999999477930 1.021832070551063e-5
0.9999999999462381 1.036936502055246e-5
0.9999999999448800 1.049952275674220e-5
0.9999999999437450 1.060707093576335e-5
0.9999999999428553 1.069062599221356e-5
0.9999999999422280 1.074913799467848e-5
0.9999999999418754 1.078189558504212e-5
0.99999999998 0e-5
1.000000000 nan + nan*I
1.000000000 + 0e-10*I 0e-5 + 0e-5*I
1.000000000 + 0e-10*I nan + nan*I
0.9999999999854066 5.402486017096532e-6
0.9999999999852302 5.435025993865522e-6
0.9999999999849166 5.492426541670332e-6
0.9999999999844717 5.572837199328528e-6
0.9999999999839042 5.673755573581692e-6
0.9999999999832252 5.792203890035817e-6
0.9999999999824478 5.924901041215508e-6
0.9999999999815871 6.068419837028347e-6
0.9999999999806600 6.219318660879412e-6
0.9999999999796845 6.374243357151394e-6
0.9999999999786795 6.530000435774066e-6
0.9999999999776647 6.683605739272642e-6
0.9999999999766597 6.832313882796585e-6
0.9999999999756842 6.973633684362331e-6
0.9999999999747571 7.105334056241531e-6
0.9999999999738965 7.225443863252626e-6
0.9999999999731191 7.332248322680505e-6
0.9999999999724400 7.424283740566034e-6
0.9999999999718725 7.500331787257747e-6
0.9999999999714276 7.559414134277371e-6
0.9999999999711140 7.600788368002010e-6
0.9999999999709377 7.623951482283972e-6
0.99999999999 0e-5
1.0000000000 nan + nan*I
0.99999999999 + 0e-11*I 0e-5 + 0e-5*I
1.000000000 + 0e-10*I nan + nan*I
0.9999999999927033 3.820134497961429e-6
0.9999999999926151 3.843143736194561e-6
0.9999999999924583 3.883732052791392e-6
0.9999999999922359 3.940590974101499e-6
0.9999999999919521 4.011951040882656e-6
0.9999999999916126 4.095706648668014e-6
0.9999999999912239 4.189537704111914e-6
0.9999999999907936 4.291020817859584e-6
0.9999999999903300 4.397722399478502e-6
0.9999999999898423 4.507270702786501e-6
0.9999999999893398 4.617407589299258e-6
0.9999999999888324 4.726022941030208e-6
0.9999999999883299 4.831175477734551e-6
0.9999999999878421 4.931103667738520e-6
0.9999999999873786 5.024229893779958e-6
0.9999999999869482 5.109160352805328e-6
0.9999999999865595 5.184682510328495e-6
0.9999999999862200 5.249761378425354e-6
0.9999999999859363 5.303535467937618e-6
0.9999999999857138 5.345312996164055e-6
0.9999999999855570 5.374568997397459e-6
0.9999999999854688 5.390947792579811e-6
0.99999999999 3e-6
1.0000000000 nan + nan*I
0.99999999999 + 0e-11*I 0e-5 + 0e-5*I
1.000000000 + 0e-11*I nan + nan*I
0.9999999999963516 2.701243008555658e-6
0.9999999999963076 2.717512996940287e-6
0.9999999999962292 2.746213270842933e-6
0.9999999999961179 2.786418599672377e-6
0.9999999999959761 2.836877786799407e-6
0.9999999999958063 2.896101945027018e-6
0.9999999999956119 2.962450520617503e-6
0.9999999999953968 3.034209918524649e-6
0.9999999999951650 3.109659330450982e-6
0.9999999999949211 3.187121678587837e-6
0.9999999999946699 3.265000217900085e-6
0.9999999999944162 3.341802869650316e-6
0.9999999999941649 3.416156941413243e-6
0.9999999999939211 3.486816842197063e-6
0.9999999999936893 3.552667028137580e-6
0.9999999999934741 3.612721931643995e-6
0.9999999999932798 3.666124161358730e-6
0.9999999999931100 3.712141870302199e-6
0.9999999999929681 3.750165893648652e-6
0.9999999999928569 3.779707067158935e-6
0.9999999999927785 3.800394184021588e-6
0.9999999999927344 3.811975741162758e-6
1.0000000000 2e-6
1.0000000000 nan + nan*I
1.0000000000 + 0e-11*I 0e-5 + 0e-5*I
1.0000000000 + 0e-11*I nan + nan*I
0.9999999999981758 1.910067248983328e-6
0.9999999999981538 1.921571868099941e-6
0.9999999999981146 1.941866026398442e-6
0.9999999999980590 1.970295487053618e-6
0.9999999999979880 2.005975520444355e-6
0.9999999999979031 2.047853324337228e-6
0.9999999999978060 2.094768852059404e-6
0.9999999999976984 2.145510408933496e-6
0.9999999999975825 2.198861199743238e-6
0.9999999999974606 2.253635351397543e-6
0.9999999999973349 2.308703794654244e-6
0.9999999999972081 2.363011470520052e-6
0.9999999999970825 2.415587738872561e-6
0.9999999999969605 2.465551833874880e-6
0.9999999999968446 2.512114946895924e-6
0.9999999999967371 2.554580176408916e-6
0.9999999999966399 2.592341255170780e-6
0.9999999999965550 2.624880689219459e-6
0.9999999999964841 2.651767733975801e-6
0.9999999999964285 2.672656498089186e-6
0.9999999999963893 2.687284498706007e-6
0.9999999999963672 2.695473896297250e-6
0.999999999999 2e-6
1.00000000000 nan + nan*I
1.0000000000 + 0e-12*I 0e-5 + 0e-5*I
1.0000000000 + 0e-11*I nan + nan*I
0.9999999999990879 1.350621504278753e-6
0.9999999999990769 1.358756498471084e-6
0.9999999999990573 1.373106635422437e-6
0.9999999999990295 1.393209299837203e-6
0.9999999999989940 1.418438893400774e-6
0.9999999999989516 1.448050972514647e-6
0.9999999999989030 1.481225260309970e-6
0.9999999999988492 1.517104959263634e-6
0.9999999999987913 1.554829665226901e-6
0.9999999999987303 1.593560839295436e-6
0.9999999999986675 1.632500108951674e-6
0.9999999999986040 1.670901434826907e-6
0.9999999999985412 1.708078470708490e-6
0.9999999999984803 1.743408421100518e-6
0.9999999999984223 1.776333514070892e-6
0.9999999999983685 1.806360965824208e-6
0.9999999999983199 1.833062080681675e-6
0.9999999999982775 1.856070935153497e-6
0.9999999999982420 1.875082946826798e-6
0.9999999999982142 1.889853533581998e-6
0.9999999999981946 1.900197092013367e-6
0.9999999999981836 1.905987870583976e-6
0.999999999999 1e-6
1.00000000000 nan + nan*I
0.999999999999 + 0e-12*I 1e-6 + 0e-6*I
1.0000000000 + 0e-12*I nan + nan*I
0.9999999999995440 9.550336244919905e-7
0.9999999999995384 9.607859340503032e-7
0.9999999999995286 9.709330131995642e-7
0.9999999999995147 9.851477435271674e-7
0.9999999999994970 1.002987760222556e-6
0.9999999999994758 1.023926662169016e-6
0.9999999999994515 1.047384426030133e-6
0.9999999999994246 1.072755204467211e-6
0.9999999999993956 1.099430599872117e-6
0.9999999999993651 1.126817675699308e-6
0.9999999999993337 1.154351897327699e-6
0.9999999999993020 1.181505735260644e-6
0.9999999999992706 1.207793869436941e-6
0.9999999999992401 1.232775916938143e-6
0.9999999999992112 1.256057473448705e-6
0.9999999999991843 1.277290088205239e-6
0.9999999999991600 1.296170627586207e-6
0.9999999999991388 1.312440344610577e-6
0.9999999999991210 1.325883866988775e-6
0.9999999999991071 1.336328249045488e-6
0.9999999999990973 1.343642249353913e-6
0.9999999999990918 1.347736948149543e-6
1.00000000000 0e-6
1.00000000000 nan + nan*I
1.00000000000 + 0e-12*I 0e-5 + 0e-6*I
1.00000000000 + 0e-12*I nan + nan*I
0.9999999999997720 6.753107521394918e-7
0.9999999999997692 6.793782492356596e-7
0.9999999999997643 6.865533177113400e-7
0.9999999999997574 6.966046499187280e-7
0.9999999999997485 7.092194467005207e-7
0.9999999999997379 7.240254862574661e-7
0.9999999999997257 7.406126301551375e-7
0.9999999999997123 7.585524796319806e-7
0.9999999999996978 7.774148326136265e-7
0.9999999999996826 7.967804196479078e-7
0.9999999999996669 8.162500544760410e-7
0.9999999999996510 8.354507174136723e-7
0.9999999999996353 8.540392353544786e-7
0.9999999999996201 8.717042105505076e-7
0.9999999999996056 8.881667570357088e-7
0.9999999999995921 9.031804829123802e-7
0.9999999999995800 9.165310403411262e-7
0.9999999999995694 9.280354675770484e-7
0.9999999999995605 9.375414734137081e-7
0.9999999999995536 9.449267667913156e-7
0.9999999999995487 9.500985460070052e-7
0.9999999999995459 9.529939352923123e-7
0.9999999999998 0e-6
1.00000000000 nan + nan*I
1.00000000000 + 0e-13*I 0e-6 + 0e-6*I
1.00000000000 + 0e-12*I nan + nan*I
0.9999999999998860 4.775168122460361e-7
0.9999999999998846 4.803929670251932e-7
0.9999999999998822 4.854665065998250e-7
0.9999999999998787 4.925738717636285e-7
0.9999999999998743 5.014938801113252e-7
0.9999999999998689 5.119633310845585e-7
0.9999999999998629 5.236922130151202e-7
0.9999999999998561 5.363776022336632e-7
0.9999999999998489 5.497152999361209e-7
0.9999999999998413 5.634088378497210e-7
0.9999999999998334 5.771759486639214e-7
0.9999999999998255 5.907528676303995e-7
0.9999999999998177 6.038969347185532e-7
0.9999999999998100 6.163879584691592e-7
0.9999999999998028 6.280287367244454e-7
0.9999999999997961 6.386450441027173e-7
0.9999999999997900 6.480853137932055e-7
0.9999999999997847 6.562201723053946e-7
0.9999999999997803 6.629419334944967e-7
0.9999999999997768 6.681641245228559e-7
0.9999999999997743 6.718211246770703e-7
0.9999999999997730 6.738684740748862e-7
0.9999999999999 4e-7
1.000000000000 nan + nan*I
0.9999999999999 + 0e-13*I 0e-6 + 0e-6*I
1.00000000000 + 0e-12*I nan + nan*I
0.9999999999999430 3.376553760697604e-7
0.9999999999999423 3.396891246178445e-7
0.9999999999999411 3.432766588556852e-7
0.9999999999999393 3.483023249593799e-7
0.9999999999999371 3.546097233502771e-7
0.9999999999999345 3.620127431287508e-7
0.9999999999999314 3.703063150775878e-7
0.9999999999999281 3.792762398160107e-7
0.9999999999999245 3.887074163068353e-7
0.9999999999999206 3.983902098239776e-7
0.9999999999999167 4.081250272380460e-7
0.9999999999999128 4.177253587068635e-7
0.9999999999999088 4.270196176772685e-7
0.9999999999999050 4.358521052752849e-7
0.9999999999999014 4.440833785178872e-7
0.9999999999998980 4.515902414562246e-7
0.9999999999998950 4.582655201705992e-7
0.9999999999998923 4.640177337885617e-7
0.9999999999998901 4.687707367068927e-7
0.9999999999998884 4.724633833956974e-7
0.9999999999998872 4.750492730035428e-7
0.9999999999998865 4.764969676461967e-7
1.000000000000 3e-7
1.000000000000 nan + nan*I
1.000000000000 + 0e-13*I 0e-6 + 0e-6*I
1.00000000000 + 0e-13*I nan + nan*I
0.9999999999999715 2.387584061230232e-7
0.9999999999999712 2.401964835126018e-7
0.9999999999999705 2.427332532999179e-7
0.9999999999999697 2.462869358818199e-7
0.9999999999999686 2.507469400556685e-7
0.9999999999999672 2.559816655422855e-7
0.9999999999999657 2.618461065075668e-7
0.9999999999999640 2.681888011168388e-7
0.9999999999999622 2.748576499680682e-7
0.9999999999999603 2.817044189248689e-7
0.9999999999999584 2.885879743319697e-7
0.9999999999999564 2.953764338152094e-7
0.9999999999999544 3.019484673592869e-7
0.9999999999999525 3.081939792345906e-7
0.9999999999999507 3.140143683622343e-7
0.9999999999999490 3.193225220513709e-7
0.9999999999999475 3.240426568966155e-7
0.9999999999999462 3.281100861527106e-7
0.9999999999999451 3.314709667472620e-7
0.9999999999999442 3.340820622614419e-7
0.9999999999999436 3.359105623385494e-7
0.9999999999999432 3.369342370374574e-7
0.99999999999998 2e-7
1.000000000000 nan + nan*I
1.000000000000 + 0e-13*I 0e-6 + 0e-6*I
1.000000000000 + 0e-13*I nan + nan*I
0.9999999999999857 1.688276880348820e-7
0.9999999999999856 1.698445623089241e-7
0.9999999999999853 1.716383294278445e-7
0.9999999999999848 1.741511624796919e-7
0.9999999999999843 1.773048616751406e-7
0.9999999999999836 1.810063715643776e-7
0.9999999999999829 1.851531575387963e-7
0.9999999999999820 1.896381199080079e-7
0.9999999999999811 1.943537081534204e-7
0.9999999999999802 1.991951049119918e-7
0.9999999999999792 2.040625136190262e-7
0.9999999999999782 2.088626793534352e-7
0.9999999999999772 2.135098088386379e-7
0.9999999999999763 2.179260526376463e-7
0.9999999999999753 2.220416892589477e-7
0.9999999999999745 2.257951207281166e-7
0.9999999999999737 2.291327600853041e-7
0.9999999999999731 2.320088668942855e-7
0.9999999999999725 2.343853683534512e-7
0.9999999999999721 2.362316916978536e-7
0.9999999999999718 2.375246365017764e-7
0.9999999999999716 2.382484838231034e-7
0.99999999999999 1e-7
1.0000000000000 nan + nan*I
0.99999999999999 + 0e-14*I 1e-7 + 0e-6*I
1.000000000000 + 0e-13*I nan + nan*I
0.9999999999999929 1.195247489086560e-7
0.9999999999999927 1.208497946318148e-7
0.9999999999999924 1.231487005443557e-7
0.9999999999999920 1.262886017169598e-7
0.9999999999999915 1.300999896318698e-7
0.9999999999999910 1.343944832595334e-7
0.9999999999999903 1.389797413262033e-7
0.9999999999999897 1.436703782485736e-7
0.9999999999999890 1.482949309973796e-7
0.9999999999999883 1.526996910491550e-7
0.9999999999999877 1.567503971765583e-7
0.9999999999999871 1.603326443472855e-7
0.9999999999999867 1.633516244852829e-7
0.9999999999999863 1.657315953578024e-7
0.9999999999999860 1.674153257113994e-7
0.9999999999999858 1.683638872915700e-7
0.99999999999999 1e-7
1.0000000000000 nan + nan*I
0.99999999999999 + 0e-14*I 0e-6 + 0e-7*I
1.000000000000 + 0e-14*I nan + nan*I
0.9999999999999964 8.451676047293016e-8
0.9999999999999963 8.545370928915794e-8
0.9999999999999962 8.707928124922549e-8
0.9999999999999960 8.929952666062944e-8
0.9999999999999958 9.199458490099475e-8
0.9999999999999955 9.503125046687812e-8
0.9999999999999952 9.827351753931074e-8
0.9999999999999948 1.015902987152028e-7
0.9999999999999945 1.048603513238384e-7
0.9999999999999942 1.079749870259484e-7
0.9999999999999939 1.108392687972292e-7
0.9999999999999936 1.133723000635368e-7
0.9999999999999933 1.155070413913822e-7
0.9999999999999931 1.171899349343673e-7
0.9999999999999930 1.183805120850853e-7
0.9999999999999929 1.190512464107969e-7
1.0000000000000 0e-7
1.0000000000000 nan + nan*I
1.0000000000000 + 0e-14*I 0e-7 + 0e-7*I
1.0000000000000 + 0e-14*I nan + nan*I
0.9999999999999982 5.976237445432810e-8
0.9999999999999982 6.042489731590747e-8
0.9999999999999981 6.157435027217795e-8
0.9999999999999980 6.314430085848000e-8
0.9999999999999979 6.504999481593500e-8
0.9999999999999977 6.719724162976682e-8
0.9999999999999976 6.948987066310178e-8
0.9999999999999974 7.183518912428695e-8
0.9999999999999973 7.414746549868994e-8
0.9999999999999971 7.634984552457769e-8
0.9999999999999969 7.837519858827933e-8
0.9999999999999968 8.016632217364295e-8
0.9999999999999967 8.167581224264164e-8
0.9999999999999966 8.286579767890144e-8
0.9999999999999965 8.370766285569993e-8
0.9999999999999965 8.418194364578522e-8
0.999999999999999 5e-8
1.00000000000000 nan + nan*I
1.0000000000000 + 0e-15*I 0e-7 + 0e-7*I
1.0000000000000 + 0e-14*I nan + nan*I
0.9999999999999991 4.225838023646511e-8
0.9999999999999991 4.272685464457900e-8
0.9999999999999991 4.353964062461278e-8
0.9999999999999990 4.464976333031475e-8
0.9999999999999989 4.599729245049741e-8
0.9999999999999989 4.751562523343910e-8
0.9999999999999988 4.913675876965541e-8
0.9999999999999987 5.079514935760145e-8
0.9999999999999986 5.243017566191925e-8
0.9999999999999985 5.398749351297428e-8
0.9999999999999985 5.541963439861466e-8
0.9999999999999984 5.668615003176844e-8
0.9999999999999983 5.775352069569116e-8
0.9999999999999983 5.859496746718370e-8
0.9999999999999982 5.919025604254273e-8
0.9999999999999982 5.952562320539855e-8
0.999999999999999 0e-7
1.00000000000000 nan + nan*I
0.999999999999999 + 0e-15*I 0e-7 + 0e-7*I
1.0000000000000 + 0e-15*I nan + nan*I
0.9999999999999996 2.988118722716406e-8
0.9999999999999995 3.021244865795375e-8
0.9999999999999995 3.078717513608898e-8
0.9999999999999995 3.157215042924001e-8
0.9999999999999995 3.252499740796751e-8
0.9999999999999994 3.359862081488342e-8
0.9999999999999994 3.474493533155091e-8
0.9999999999999994 3.591759456214349e-8
0.9999999999999993 3.707373274934499e-8
0.9999999999999993 3.817492276228886e-8
0.9999999999999992 3.918759929413969e-8
0.9999999999999992 4.008316108682150e-8
0.9999999999999992 4.083790612132084e-8
0.9999999999999991 4.143289883945075e-8
0.9999999999999991 4.185383142784999e-8
0.9999999999999991 4.209097182289264e-8
1.00000000000000 3e-8
1.00000000000000 nan + nan*I
1.00000000000000 + 0e-15*I 0e-7 + 0e-7*I
1.00000000000000 + 0e-15*I nan + nan*I
0.9999999999999998 2.112919011823256e-8
0.9999999999999998 2.136342732228950e-8
0.9999999999999998 2.176982031230639e-8
0.9999999999999998 2.232488166515738e-8
0.9999999999999997 2.299864622524871e-8
0.9999999999999997 2.375781261671956e-8
0.9999999999999997 2.456837938482771e-8
0.9999999999999997 2.539757467880073e-8
0.9999999999999997 2.621508783095963e-8
0.9999999999999996 2.699374675648715e-8
0.9999999999999996 2.770981719930734e-8
0.9999999999999996 2.834307501588423e-8
0.9999999999999996 2.887676034784559e-8
0.9999999999999996 2.929748373359186e-8
0.9999999999999996 2.959512802127137e-8
0.9999999999999996 2.976281160269929e-8
0.9999999999999998 2e-8
1.00000000000000 nan + nan*I
1.00000000000000 + 0e-16*I 0e-7 + 0e-7*I
1.00000000000000 + 0e-15*I nan + nan*I
0.9999999999999999 1.494059361358203e-8
0.9999999999999999 1.510622432897687e-8
0.9999999999999999 1.539358756804449e-8
0.9999999999999999 1.578607521462001e-8
0.9999999999999999 1.626249870398376e-8
0.9999999999999999 1.679931040744171e-8
0.9999999999999998 1.737246766577545e-8
0.9999999999999998 1.795879728107175e-8
0.9999999999999998 1.853686637467250e-8
0.9999999999999998 1.908746138114443e-8
0.9999999999999998 1.959379964706985e-8
0.9999999999999998 2.004158054341075e-8
0.9999999999999998 2.041895306066043e-8
0.9999999999999998 2.071644941972538e-8
0.9999999999999998 2.092691571392500e-8
0.9999999999999998 2.104548591144632e-8
0.9999999999999999 1e-8
1.000000000000000 nan + nan*I
0.9999999999999999 + 0e-16*I 1e-8 + 0e-7*I
1.00000000000000 + 0e-15*I nan + nan*I
0.9999999999999999 1.056459505911628e-8
0.9999999999999999 1.068171366114475e-8
0.9999999999999999 1.088491015615320e-8
0.9999999999999999 1.116244083257869e-8
0.9999999999999999 1.149932311262436e-8
0.9999999999999999 1.187890630835978e-8
0.9999999999999999 1.228418969241386e-8
0.9999999999999999 1.269878733940037e-8
0.9999999999999999 1.310754391547982e-8
0.9999999999999999 1.349687337824357e-8
0.9999999999999999 1.385490859965367e-8
0.9999999999999999 1.417153750794212e-8
0.9999999999999999 1.443838017392280e-8
0.9999999999999999 1.464874186679593e-8
0.9999999999999999 1.479756401063569e-8
0.9999999999999999 1.488140580134964e-8
1.000000000000000 0e-7
1.000000000000000 nan + nan*I
1.000000000000000 + 0e-16*I 0e-7 + 0e-8*I
1.00000000000000 + 0e-16*I nan + nan*I
1.000000000000000 7.470296806791016e-9
1.000000000000000 7.553112164488437e-9
1.000000000000000 7.696793784022247e-9
1.000000000000000 7.893037607310004e-9
1.000000000000000 8.131249351991879e-9
1.000000000000000 8.399655203720857e-9
1.000000000000000 8.686233832887728e-9
1.000000000000000 8.979398640535874e-9
1.000000000000000 9.268433187336249e-9
1.000000000000000 9.543730690572218e-9
1.000000000000000 9.796899823534923e-9
0.9999999999999999 1.002079027170538e-8
0.9999999999999999 1.020947653033021e-8
0.9999999999999999 1.035822470986269e-8
0.9999999999999999 1.046345785696250e-8
0.9999999999999999 1.052274295572316e-8
1.000000000000000 0e-8
1.000000000000000 nan + nan*I
1.000000000000000 + 0e-16*I 0e-8 + 0e-8*I
1.000000000000000 + 0e-16*I nan + nan*I
1.000000000000000 5.282297529558140e-9
1.000000000000000 5.340856830572376e-9
1.000000000000000 5.442455078076598e-9
1.000000000000000 5.581220416289346e-9
1.000000000000000 5.749661556312178e-9
1.000000000000000 5.939453154179889e-9
1.000000000000000 6.142094846206928e-9
1.000000000000000 6.349393669700183e-9
1.000000000000000 6.553771957739908e-9
1.000000000000000 6.748436689121787e-9
1.000000000000000 6.927454299826835e-9
1.000000000000000 7.085768753971058e-9
1.000000000000000 7.219190086961398e-9
1.000000000000000 7.324370933397966e-9
1.000000000000000 7.398782005317844e-9
1.000000000000000 7.440702900674822e-9
1.000000000000000 0e-8
1.000000000000000 nan + nan*I
1.000000000000000 + 0e-17*I 0e-8 + 0e-8*I
1.000000000000000 + 0e-16*I nan + nan*I
1.000000000000000 3.742423895075465e-9
1.000000000000000 3.813542708961743e-9
1.000000000000000 3.933752501003711e-9
1.000000000000000 4.091618840882788e-9
1.000000000000000 4.273679675134550e-9
1.000000000000000 4.466284851734821e-9
1.000000000000000 4.656786772722951e-9
1.000000000000000 4.834151989520521e-9
1.000000000000000 4.989190183223762e-9
1.000000000000000 5.114582552299886e-9
1.000000000000000 5.204830009747494e-9
1.000000000000000 5.256198893973815e-9
1.000000000000000 3e-9
1.000000000000000 nan + nan*I
1.000000000000000 + 0e-17*I 0e-8 + 0e-8*I
1.000000000000000 + 0e-17*I nan + nan*I
1.000000000000000 2.646293314282433e-9
1.000000000000000 2.696581909851365e-9
1.000000000000000 2.781583068969265e-9
1.000000000000000 2.893211428418861e-9
1.000000000000000 3.021947878906762e-9
1.000000000000000 3.158140305372446e-9
1.000000000000000 3.292845505532217e-9
1.000000000000000 3.418261653076401e-9
1.000000000000000 3.527890211186876e-9
1.000000000000000 3.616556005669649e-9
1.000000000000000 3.680370594815697e-9
1.000000000000000 3.716693881194116e-9
1.000000000000000 2e-9
1.000000000000000 nan + nan*I
1.000000000000000 + 0e-17*I 0e-8 + 0e-8*I
1.000000000000000 + 0e-17*I nan + nan*I
1.000000000000000 1.871211947537732e-9
1.000000000000000 1.906771354480871e-9
1.000000000000000 1.966876250501856e-9
1.000000000000000 2.045809420441394e-9
1.000000000000000 2.136839837567275e-9
1.000000000000000 2.233142425867410e-9
1.000000000000000 2.328393386361476e-9
1.000000000000000 2.417075994760261e-9
1.000000000000000 2.494595091611881e-9
1.000000000000000 2.557291276149943e-9
1.000000000000000 2.602415004873747e-9
1.000000000000000 2.628099446986908e-9
1.000000000000000 2e-9
1.000000000000000 nan + nan*I
1.000000000000000 + 0e-18*I 0e-8 + 0e-8*I
1.000000000000000 + 0e-17*I nan + nan*I
1.000000000000000 1.323146657141217e-9
1.000000000000000 1.348290954925682e-9
1.000000000000000 1.390791534484633e-9
1.000000000000000 1.446605714209430e-9
1.000000000000000 1.510973939453381e-9
1.000000000000000 1.579070152686223e-9
1.000000000000000 1.646422752766108e-9
1.000000000000000 1.709130826538200e-9
1.000000000000000 1.763945105593438e-9
1.000000000000000 1.808278002834825e-9
1.000000000000000 1.840185297407849e-9
1.000000000000000 1.858346940597058e-9
1.000000000000000 1e-9
1.000000000000000 nan + nan*I
1.000000000000000 + 0e-18*I 0e-8 + 0e-9*I
1.000000000000000 + 0e-18*I nan + nan*I
1.000000000000000 9.356059737688662e-10
1.000000000000000 9.533856772404357e-10
1.000000000000000 9.834381252509278e-10
1.000000000000000 1.022904710220697e-9
1.000000000000000 1.068419918783638e-9
1.000000000000000 1.116571212933705e-9
1.000000000000000 1.164196693180738e-9
1.000000000000000 1.208537997380130e-9
1.000000000000000 1.247297545805941e-9
1.000000000000000 1.278645638074972e-9
1.000000000000000 1.301207502436874e-9
1.000000000000000 1.314049723493454e-9
1.000000000000000 0e-9
1.000000000000000 nan + nan*I
1.000000000000000 + 0e-18*I 0e-8 + 0e-9*I
1.000000000000000 + 0e-18*I nan + nan*I
1.000000000000000 6.615733285706084e-10
1.000000000000000 6.741454774628412e-10
1.000000000000000 6.953957672423163e-10
1.000000000000000 7.233028571047152e-10
1.000000000000000 7.554869697266905e-10
1.000000000000000 7.895350763431114e-10
1.000000000000000 8.232113763830542e-10
1.000000000000000 8.545654132691002e-10
1.000000000000000 8.819725527967190e-10
1.000000000000000 9.041390014174124e-10
1.000000000000000 9.200926487039244e-10
1.000000000000000 9.291734702985289e-10
1.000000000000000 0e-9
1.000000000000000 nan + nan*I
1.000000000000000 + 0e-19*I 0e-9 + 0e-9*I
1.000000000000000 + 0e-18*I nan + nan*I
1.000000000000000 4.678029868844331e-10
1.000000000000000 4.766928386202179e-10
1.000000000000000 4.917190626254639e-10
1.000000000000000 5.114523551103485e-10
1.000000000000000 5.342099593918188e-10
1.000000000000000 5.582856064668526e-10
1.000000000000000 5.820983465903689e-10
1.000000000000000 6.042689986900652e-10
1.000000000000000 6.236487729029703e-10
1.000000000000000 6.393228190374858e-10
1.000000000000000 6.506037512184368e-10
1.000000000000000 6.570248617467269e-10
1.000000000000000 4e-10
1.000000000000000 nan + nan*I
1.000000000000000 + 0e-19*I 0e-9 + 0e-9*I
1.000000000000000 + 0e-18*I nan + nan*I
1.000000000000000 3.307866642853042e-10
1.000000000000000 3.370727387314206e-10
1.000000000000000 3.476978836211581e-10
1.000000000000000 3.616514285523576e-10
1.000000000000000 3.777434848633452e-10
1.000000000000000 3.947675381715557e-10
1.000000000000000 4.116056881915271e-10
1.000000000000000 4.272827066345501e-10
1.000000000000000 4.409862763983595e-10
1.000000000000000 4.520695007087062e-10
1.000000000000000 4.600463243519622e-10
1.000000000000000 4.645867351492645e-10
1.000000000000000 3e-10
1.000000000000000 nan + nan*I
1.000000000000000 + 0e-19*I 0e-9 + 0e-9*I
1.000000000000000 + 0e-19*I nan + nan*I
1.000000000000000 2.339014934422165e-10
1.000000000000000 2.383464193101089e-10
1.000000000000000 2.458595313127319e-10
1.000000000000000 2.557261775551743e-10
1.000000000000000 2.671049796959094e-10
1.000000000000000 2.791428032334263e-10
1.000000000000000 2.910491732951845e-10
1.000000000000000 3.021344993450326e-10
1.000000000000000 3.118243864514851e-10
1.000000000000000 3.196614095187429e-10
1.000000000000000 3.253018756092184e-10
1.000000000000000 3.285124308733634e-10
1.000000000000000 2e-10
1.000000000000000 nan + nan*I
1.000000000000000 + 0e-19*I 0e-9 + 0e-9*I
1.000000000000000 + 0e-19*I nan + nan*I
1.000000000000000 1.653933321426521e-10
1.000000000000000 1.685363693657103e-10
1.000000000000000 1.738489418105791e-10
1.000000000000000 1.808257142761788e-10
1.000000000000000 1.888717424316726e-10
1.000000000000000 1.973837690857779e-10
1.000000000000000 2.058028440957635e-10
1.000000000000000 2.136413533172750e-10
1.000000000000000 2.204931381991797e-10
1.000000000000000 2.260347503543531e-10
1.000000000000000 2.300231621759811e-10
1.000000000000000 2.322933675746322e-10
1.000000000000000 1e-10
1.000000000000000 nan + nan*I
1.000000000000000 + 0e-20*I 1e-10 + 0e-9*I
1.000000000000000 + 0e-19*I nan + nan*I
1.000000000000000 1.169507467211083e-10
1.000000000000000 1.191732096550545e-10
1.000000000000000 1.229297656563660e-10
1.000000000000000 1.278630887775871e-10
1.000000000000000 1.335524898479547e-10
1.000000000000000 1.395714016167131e-10
1.000000000000000 1.455245866475922e-10
1.000000000000000 1.510672496725163e-10
1.000000000000000 1.559121932257426e-10
1.000000000000000 1.598307047593714e-10
1.000000000000000 1.626509378046092e-10
1.000000000000000 1.642562154366817e-10
1.000000000000000 0e-9
1.000000000000000 nan + nan*I
1.000000000000000 + 0e-20*I 0e-9 + 0e-10*I
1.000000000000000 + 0e-20*I nan + nan*I
1.000000000000000 8.313126233602817e-11
1.000000000000000 8.640129831016511e-11
1.000000000000000 9.156321479095888e-11
1.000000000000000 9.768774039563556e-11
1.000000000000000 1.038551689156496e-10
1.000000000000000 1.092930392625621e-10
1.000000000000000 1.134178397978954e-10
1.000000000000000 1.158360218434735e-10
1.000000000000000 0e-10
1.000000000000000 nan + nan*I
1.000000000000000 + 0e-20*I 0e-10 + 0e-10*I
1.000000000000000 + 0e-20*I nan + nan*I
1.000000000000000 5.878267932640335e-11
1.000000000000000 6.109494393843954e-11
1.000000000000000 6.474497008592741e-11
1.000000000000000 6.907566367254493e-11
1.000000000000000 7.343669420153021e-11
1.000000000000000 7.728184919904523e-11
1.000000000000000 8.019852362862133e-11
1.000000000000000 8.190843655119317e-11
1.000000000000000 5e-11
1.000000000000000 nan + nan*I
1.000000000000000 + 0e-21*I 0e-10 + 0e-10*I
1.000000000000000 + 0e-20*I nan + nan*I
1.000000000000000 4.156563116801408e-11
1.000000000000000 4.320064915508256e-11
1.000000000000000 4.578160739547944e-11
1.000000000000000 4.884387019781778e-11
1.000000000000000 5.192758445782482e-11
1.000000000000000 5.464651963128104e-11
1.000000000000000 5.670891989894770e-11
1.000000000000000 5.791801092173676e-11
1.000000000000000 0e-10
1.000000000000000 nan + nan*I
1.000000000000000 + 0e-21*I 0e-10 + 0e-10*I
1.000000000000000 + 0e-21*I nan + nan*I
1.000000000000000 2.939133966320167e-11
1.000000000000000 3.054747196921977e-11
1.000000000000000 3.237248504296371e-11
1.000000000000000 3.453783183627247e-11
1.000000000000000 3.671834710076510e-11
1.000000000000000 3.864092459952262e-11
1.000000000000000 4.009926181431066e-11
1.000000000000000 4.095421827559658e-11
1.000000000000000 2e-11
1.000000000000000 nan + nan*I
1.000000000000000 + 0e-21*I 0e-10 + 0e-10*I
1.000000000000000 + 0e-21*I nan + nan*I
1.000000000000000 2.078281558400704e-11
1.000000000000000 2.160032457754128e-11
1.000000000000000 2.289080369773972e-11
1.000000000000000 2.442193509890889e-11
1.000000000000000 2.596379222891241e-11
1.000000000000000 2.732325981564052e-11
1.000000000000000 2.835445994947385e-11
1.000000000000000 2.895900546086838e-11
1.000000000000000 2e-11
1.000000000000000 nan + nan*I
1.000000000000000 + 0e-22*I 0e-10 + 0e-10*I
1.000000000000000 + 0e-21*I nan + nan*I
1.000000000000000 1.479555017954140e-11
1.000000000000000 1.573623488319305e-11
1.000000000000000 1.709890540832742e-11
1.000000000000000 1.851761713282237e-11
1.000000000000000 1.968871814369091e-11
1.000000000000000 2.040505832692957e-11
1.000000000000000 1e-11
1.000000000000000 nan + nan*I
1.000000000000000 + 0e-22*I 1e-11 + 0e-10*I
1.000000000000000 + 0e-21*I nan + nan*I
1.000000000000000 1.046203386333956e-11
1.000000000000000 1.112719839625010e-11
1.000000000000000 1.209075196509565e-11
1.000000000000000 1.309393264603489e-11
1.000000000000000 1.392202611227446e-11
1.000000000000000 1.442855511347893e-11
1.000000000000000 0e-10
1.000000000000000 nan + nan*I
1.000000000000000 + 0e-22*I 0e-10 + 0e-11*I
1.000000000000000 + 0e-22*I nan + nan*I
1.000000000000000 7.397775089770698e-12
1.000000000000000 7.868117441596523e-12
1.000000000000000 8.549452704163708e-12
1.000000000000000 9.258808566411187e-12
1.000000000000000 9.844359071845455e-12
1.000000000000000 1.020252916346479e-11
1.000000000000000 0e-11
1.000000000000000 nan + nan*I
1.000000000000000 + 0e-22*I 0e-11 + 0e-11*I
1.000000000000000 + 0e-22*I nan + nan*I
1.000000000000000 5.231016931669781e-12
1.000000000000000 5.563599198125051e-12
1.000000000000000 6.045375982547824e-12
1.000000000000000 6.546966323017447e-12
1.000000000000000 6.961013056137228e-12
1.000000000000000 7.214277556739464e-12
1.000000000000000 0e-11
1.000000000000000 nan + nan*I
1.000000000000000 + 0e-23*I 0e-11 + 0e-11*I
1.000000000000000 + 0e-22*I nan + nan*I
1.000000000000000 3.69888754488535e-12
1.000000000000000 3.934058720798262e-12
1.000000000000000 4.274726352081854e-12
1.000000000000000 4.629404283205594e-12
1.000000000000000 4.922179535922727e-12
1.000000000000000 5.101264581732393e-12
1.000000000000000 3e-12
1.000000000000000 nan + nan*I
1.000000000000000 + 0e-23*I 0e-11 + 0e-11*I
1.000000000000000 + 0e-23*I nan + nan*I
1.000000000000000 2.66024553448967e-12
1.000000000000000 2.96669250834672e-12
1.000000000000000 3.32431500646255e-12
1.000000000000000 3.57427312855361e-12
1.000000000000000 2e-12
1.000000000000000 nan + nan*I
1.000000000000000 + 0e-23*I 0e-11 + 0e-11*I
1.000000000000000 + 0e-23*I nan + nan*I
1.000000000000000 1.88107765705888e-12
1.000000000000000 2.09776839034730e-12
1.000000000000000 2.35064568386987e-12
1.000000000000000 2.52739276701312e-12
1.000000000000000 2e-12
1.000000000000000 nan + nan*I
1.000000000000000 + 0e-24*I 0e-11 + 0e-11*I
1.000000000000000 + 0e-23*I nan + nan*I
1.000000000000000 1.33012276724484e-12
1.000000000000000 1.48334625417336e-12
1.000000000000000 1.66215750323127e-12
1.000000000000000 1.78713656427681e-12
1.000000000000000 1e-12
1.000000000000000 nan + nan*I
1.000000000000000 + 0e-24*I 0e-11 + 0e-12*I
1.000000000000000 + 0e-24*I nan + nan*I
1.000000000000000 9.4053882852944e-13
1.000000000000000 1.04888419517365e-12
1.000000000000000 1.17532284193493e-12
1.000000000000000 1.26369638350656e-12
1.000000000000000 0e-12
1.000000000000000 nan + nan*I
1.000000000000000 + 0e-24*I 0e-11 + 0e-12*I
1.000000000000000 + 0e-24*I nan + nan*I
1.000000000000000 6.6506138362242e-13
1.000000000000000 7.4167312708668e-13
1.000000000000000 8.3107875161564e-13
1.000000000000000 8.9356828213840e-13
1.000000000000000 0e-12
1.000000000000000 nan + nan*I
1.000000000000000 + 0e-25*I 0e-12 + 0e-12*I
1.000000000000000 + 0e-24*I nan + nan*I
1.000000000000000 5.0049586515939e-13
1.000000000000000 6.0818529115158e-13
1.000000000000000 4e-13
1.000000000000000 nan + nan*I
1.000000000000000 + 0e-25*I 0e-12 + 0e-12*I
1.000000000000000 + 0e-24*I nan + nan*I
1.000000000000000 3.539040202100e-13
1.000000000000000 4.300519435912e-13
1.000000000000000 3e-13
1.000000000000000 nan + nan*I
1.000000000000000 2e-13
1.000000000000000 nan + nan*I
1.000000000000000 1e-13
1.000000000000000 nan + nan*I
1.000000000000000 0e-12
1.000000000000000 nan + nan*I
1.000000000000000 0e-13
1.000000000000000 nan + nan*I
1.000000000000000 0e-13
1.000000000000000 nan + nan*I
1.000000000000000 0e-13
1.000000000000000 nan + nan*I
1.000000000000000 2e-14
1.000000000000000 nan + nan*I
1.000000000000000 2e-14
1.000000000000000 nan + nan*I
1.000000000000000 1e-14
1.000000000000000 nan + nan*I
1.000000000000000 0e-13
1.000000000000000 nan + nan*I
1.000000000000000 0e-14
1.000000000000000 nan + nan*I
1.000000000000000 0e-14
1.000000000000000 nan + nan*I
1.000000000000000 3e-15
1.000000000000000 nan + nan*I
1.000000000000000 2e-15
1.000000000000000 nan + nan*I
1.000000000000000 2e-15
1.000000000000000 nan + nan*I
1.000000000000000 1e-15
1.000000000000000 nan + nan*I
1.000000000000000 0e-15
1.000000000000000 nan + nan*I
1.000000000000000 0e-15
1.000000000000000 nan + nan*I
1.000000000000000 4e-16
1.000000000000000 nan + nan*I
1.000000000000000 3e-16
1.000000000000000 nan + nan*I
1.000000000000000 2e-16
1.000000000000000 nan + nan*I
1.000000000000000 1e-16
1.000000000000000 nan + nan*I
1.000000000000000 0e-15
1.000000000000000 nan + nan*I
1.000000000000000 0e-16
1.000000000000000 nan + nan*I
1.000000000000000 0e-16
1.000000000000000 nan + nan*I
1.000000000000000 3e-17
1.000000000000000 nan + nan*I
1.000000000000000 2e-17
1.000000000000000 nan + nan*I
1.000000000000000 2e-17
1.000000000000000 nan + nan*I
1.000000000000000 1e-17
1.000000000000000 nan + nan*I
1.000000000000000 0e-17
1.000000000000000 nan + nan*I
1.000000000000000 0e-17
1.000000000000000 nan + nan*I
1.000000000000000 4e-18
1.000000000000000 nan + nan*I
1.000000000000000 3e-18
1.000000000000000 nan + nan*I
1.000000000000000 2e-18
1.000000000000000 nan + nan*I
1.000000000000000 1e-18
1.000000000000000 nan + nan*I
1.000000000000000 1e-18
1.000000000000000 nan + nan*I
1.000000000000000 0e-18
1.000000000000000 nan + nan*I
1.000000000000000 0e-18
1.000000000000000 nan + nan*I
1.000000000000000 4e-19
1.000000000000000 nan + nan*I
1.000000000000000 3e-19
1.000000000000000 nan + nan*I
1.000000000000000 2e-19
1.000000000000000 nan + nan*I
1.000000000000000 1e-19
1.000000000000000 nan + nan*I
1.000000000000000 0e-18
1.000000000000000 nan + nan*I
1.000000000000000 nan + nan*I
1.000000000000000 nan + nan*I

